# JRE version: Java(TM) SE Runtime Environment (19.0.1+10) (build 19.0.1+10-21)
# Java VM: Java HotSpot(TM) 64-Bit Server VM (19.0.1+10-21, mixed mode, emulated-client, sharing, tiered, compressed oops, compressed class ptrs, g1 gc, windows-amd64)
GC Precious Log:
 CardTable entry size: 512
 Card Set container configuration: InlinePtr #cards 4 size 8 Array Of Cards #cards 32 size 80 Howl #buckets 8 coarsen threshold 7372 Howl Bitmap #cards 1024 size 144 coarsen threshold 921 Card regions per heap region 1 cards per card region 8192
 CPUs: 8 total, 8 available
 Memory: 24418M
 Large Page Support: Disabled
 NUMA Support: Disabled
 Compressed Oops: Enabled (Zero based)
 Heap Region Size: 4M
 Heap Min Capacity: 8M
 Heap Initial Capacity: 384M
 Heap Max Capacity: 6108M
 Pre-touch: Disabled
 Parallel Workers: 8
 Concurrent Workers: 2
 Concurrent Refinement Workers: 8
 Periodic GC: Disabled
Heap:
 garbage-first heap   total 118784K, used 72079K [0x0000000682400000, 0x0000000800000000)
  region size 4096K, 13 young (53248K), 2 survivors (8192K)
 Metaspace       used 61318K, committed 62144K, reserved 1114112K
  class space    used 8223K, committed 8576K, reserved 1048576K
GC Heap History (20 events):
Event: 7.138 GC heap before
{Heap before GC invocations=7 (full 0):
 garbage-first heap   total 69632K, used 45789K [0x0000000682400000, 0x0000000800000000)
  region size 4096K, 8 young (32768K), 1 survivors (4096K)
 Metaspace       used 34517K, committed 35008K, reserved 1114112K
  class space    used 4517K, committed 4736K, reserved 1048576K
}
Event: 7.153 GC heap after
{Heap after GC invocations=8 (full 0):
 garbage-first heap   total 69632K, used 19578K [0x0000000682400000, 0x0000000800000000)
  region size 4096K, 1 young (4096K), 1 survivors (4096K)
 Metaspace       used 34517K, committed 35008K, reserved 1114112K
  class space    used 4517K, committed 4736K, reserved 1048576K
}
Event: 7.403 GC heap before
{Heap before GC invocations=8 (full 0):
 garbage-first heap   total 69632K, used 23674K [0x0000000682400000, 0x0000000800000000)
  region size 4096K, 3 young (12288K), 1 survivors (4096K)
 Metaspace       used 35644K, committed 36096K, reserved 1114112K
  class space    used 4630K, committed 4864K, reserved 1048576K
}
Event: 7.417 GC heap after
{Heap after GC invocations=9 (full 0):
 garbage-first heap   total 233472K, used 20657K [0x0000000682400000, 0x0000000800000000)
  region size 4096K, 1 young (4096K), 1 survivors (4096K)
 Metaspace       used 35644K, committed 36096K, reserved 1114112K
  class space    used 4630K, committed 4864K, reserved 1048576K
}
Event: 13.158 GC heap before
{Heap before GC invocations=10 (full 0):
 garbage-first heap   total 98304K, used 69809K [0x0000000682400000, 0x0000000800000000)
  region size 4096K, 14 young (57344K), 1 survivors (4096K)
 Metaspace       used 46298K, committed 46848K, reserved 1114112K
  class space    used 6107K, committed 6400K, reserved 1048576K
}
Event: 13.164 GC heap after
{Heap after GC invocations=11 (full 0):
 garbage-first heap   total 98304K, used 23270K [0x0000000682400000, 0x0000000800000000)
  region size 4096K, 1 young (4096K), 1 survivors (4096K)
 Metaspace       used 46298K, committed 46848K, reserved 1114112K
  class space    used 6107K, committed 6400K, reserved 1048576K
}
Event: 13.349 GC heap before
{Heap before GC invocations=11 (full 0):
 garbage-first heap   total 98304K, used 27366K [0x0000000682400000, 0x0000000800000000)
  region size 4096K, 2 young (8192K), 1 survivors (4096K)
 Metaspace       used 47915K, committed 48512K, reserved 1114112K
  class space    used 6411K, committed 6720K, reserved 1048576K
}
Event: 13.357 GC heap after
{Heap after GC invocations=12 (full 0):
 garbage-first heap   total 98304K, used 23639K [0x0000000682400000, 0x0000000800000000)
  region size 4096K, 1 young (4096K), 1 survivors (4096K)
 Metaspace       used 47915K, committed 48512K, reserved 1114112K
  class space    used 6411K, committed 6720K, reserved 1048576K
}
Event: 14.530 GC heap before
{Heap before GC invocations=12 (full 0):
 garbage-first heap   total 98304K, used 64599K [0x0000000682400000, 0x0000000800000000)
  region size 4096K, 12 young (49152K), 1 survivors (4096K)
 Metaspace       used 52841K, committed 53504K, reserved 1114112K
  class space    used 7046K, committed 7360K, reserved 1048576K
}
Event: 14.537 GC heap after
{Heap after GC invocations=13 (full 0):
 garbage-first heap   total 98304K, used 29109K [0x0000000682400000, 0x0000000800000000)
  region size 4096K, 2 young (8192K), 2 survivors (8192K)
 Metaspace       used 52841K, committed 53504K, reserved 1114112K
  class space    used 7046K, committed 7360K, reserved 1048576K
}
Event: 14.791 GC heap before
{Heap before GC invocations=13 (full 0):
 garbage-first heap   total 98304K, used 70069K [0x0000000682400000, 0x0000000800000000)
  region size 4096K, 12 young (49152K), 2 survivors (8192K)
 Metaspace       used 52942K, committed 53632K, reserved 1114112K
  class space    used 7060K, committed 7360K, reserved 1048576K
}
Event: 14.797 GC heap after
{Heap after GC invocations=14 (full 0):
 garbage-first heap   total 98304K, used 29359K [0x0000000682400000, 0x0000000800000000)
  region size 4096K, 1 young (4096K), 1 survivors (4096K)
 Metaspace       used 52942K, committed 53632K, reserved 1114112K
  class space    used 7060K, committed 7360K, reserved 1048576K
}
Event: 14.929 GC heap before
{Heap before GC invocations=14 (full 0):
 garbage-first heap   total 98304K, used 66223K [0x0000000682400000, 0x0000000800000000)
  region size 4096K, 11 young (45056K), 1 survivors (4096K)
 Metaspace       used 52960K, committed 53632K, reserved 1114112K
  class space    used 7065K, committed 7360K, reserved 1048576K
}
Event: 14.931 GC heap after
{Heap after GC invocations=15 (full 0):
 garbage-first heap   total 98304K, used 29045K [0x0000000682400000, 0x0000000800000000)
  region size 4096K, 1 young (4096K), 1 survivors (4096K)
 Metaspace       used 52960K, committed 53632K, reserved 1114112K
  class space    used 7065K, committed 7360K, reserved 1048576K
}
Event: 15.062 GC heap before
{Heap before GC invocations=15 (full 0):
 garbage-first heap   total 98304K, used 65909K [0x0000000682400000, 0x0000000800000000)
  region size 4096K, 11 young (45056K), 1 survivors (4096K)
 Metaspace       used 52960K, committed 53632K, reserved 1114112K
  class space    used 7065K, committed 7360K, reserved 1048576K
}
Event: 15.064 GC heap after
{Heap after GC invocations=16 (full 0):
 garbage-first heap   total 98304K, used 29223K [0x0000000682400000, 0x0000000800000000)
  region size 4096K, 1 young (4096K), 1 survivors (4096K)
 Metaspace       used 52960K, committed 53632K, reserved 1114112K
  class space    used 7065K, committed 7360K, reserved 1048576K
}
Event: 15.415 GC heap before
{Heap before GC invocations=16 (full 0):
 garbage-first heap   total 98304K, used 70183K [0x0000000682400000, 0x0000000800000000)
  region size 4096K, 11 young (45056K), 1 survivors (4096K)
 Metaspace       used 54287K, committed 54976K, reserved 1114112K
  class space    used 7218K, committed 7552K, reserved 1048576K
}
Event: 15.419 GC heap after
{Heap after GC invocations=17 (full 0):
 garbage-first heap   total 118784K, used 28152K [0x0000000682400000, 0x0000000800000000)
  region size 4096K, 1 young (4096K), 1 survivors (4096K)
 Metaspace       used 54287K, committed 54976K, reserved 1114112K
  class space    used 7218K, committed 7552K, reserved 1048576K
}
Event: 71.935 GC heap before
{Heap before GC invocations=17 (full 0):
 garbage-first heap   total 118784K, used 56824K [0x0000000682400000, 0x0000000800000000)
  region size 4096K, 9 young (36864K), 1 survivors (4096K)
 Metaspace       used 59720K, committed 60480K, reserved 1114112K
  class space    used 7918K, committed 8256K, reserved 1048576K
}
Event: 71.944 GC heap after
{Heap after GC invocations=18 (full 0):
 garbage-first heap   total 118784K, used 31119K [0x0000000682400000, 0x0000000800000000)
  region size 4096K, 2 young (8192K), 2 survivors (8192K)
 Metaspace       used 59720K, committed 60480K, reserved 1114112K
  class space    used 7918K, committed 8256K, reserved 1048576K
}

